#! /c/Source/iverilog-install/bin/vvp
:ivl_version "12.0 (devel)" "(s20150603-1539-g2693dd32b)";
:ivl_delay_selection "TYPICAL";
:vpi_time_precision + 0;
:vpi_module "C:\iverilog\lib\ivl\system.vpi";
:vpi_module "C:\iverilog\lib\ivl\vhdl_sys.vpi";
:vpi_module "C:\iverilog\lib\ivl\vhdl_textio.vpi";
:vpi_module "C:\iverilog\lib\ivl\v2005_math.vpi";
:vpi_module "C:\iverilog\lib\ivl\va_math.vpi";
S_000001fa05daa760 .scope module, "wb" "wb" 2 29;
 .timescale 0 0;
v000001fa05e07270_0 .net "a", 0 0, v000001fa05e061c0_0;  1 drivers
v000001fa05e08b70_0 .net "b", 0 0, v000001fa05e06f80_0;  1 drivers
v000001fa05e07130_0 .net "c", 0 0, v000001fa05e06300_0;  1 drivers
v000001fa05e088f0_0 .net "d", 0 0, v000001fa05e06080_0;  1 drivers
v000001fa05e08c10_0 .net "e", 0 0, L_000001fa05e099d0;  1 drivers
v000001fa05e08530_0 .net "s1", 0 0, v000001fa05e06580_0;  1 drivers
v000001fa05e08990_0 .net "s2", 0 0, v000001fa05e074f0_0;  1 drivers
S_000001fa05dba1b0 .scope module, "dut" "mux1b4to1" 2 31, 2 1 0, S_000001fa05daa760;
 .timescale 0 0;
    .port_info 0 /INPUT 1 "a";
    .port_info 1 /INPUT 1 "b";
    .port_info 2 /INPUT 1 "c";
    .port_info 3 /INPUT 1 "d";
    .port_info 4 /INPUT 1 "s1";
    .port_info 5 /INPUT 1 "s2";
    .port_info 6 /OUTPUT 1 "e";
L_000001fa05da90a0 .functor NOT 1, v000001fa05e06580_0, C4<0>, C4<0>, C4<0>;
L_000001fa05da9260 .functor NOT 1, v000001fa05e074f0_0, C4<0>, C4<0>, C4<0>;
L_000001fa05da92d0 .functor AND 1, L_000001fa05da90a0, L_000001fa05da9260, C4<1>, C4<1>;
L_000001fa05da8c40 .functor AND 1, L_000001fa05da92d0, v000001fa05e061c0_0, C4<1>, C4<1>;
L_000001fa05da8fc0 .functor NOT 1, v000001fa05e06580_0, C4<0>, C4<0>, C4<0>;
L_000001fa05da9110 .functor AND 1, L_000001fa05da8fc0, v000001fa05e074f0_0, C4<1>, C4<1>;
L_000001fa05da8d20 .functor AND 1, L_000001fa05da9110, v000001fa05e06f80_0, C4<1>, C4<1>;
L_000001fa05da9180 .functor NOT 1, v000001fa05e074f0_0, C4<0>, C4<0>, C4<0>;
L_000001fa05da8e70 .functor AND 1, v000001fa05e06580_0, L_000001fa05da9180, C4<1>, C4<1>;
L_000001fa05da9030 .functor AND 1, L_000001fa05da8e70, v000001fa05e06300_0, C4<1>, C4<1>;
L_000001fa05da8cb0 .functor AND 1, v000001fa05e06580_0, v000001fa05e074f0_0, C4<1>, C4<1>;
L_000001fa05da8e00 .functor AND 1, L_000001fa05da8cb0, v000001fa05e06080_0, C4<1>, C4<1>;
L_000001fa05e09dc0 .functor OR 1, L_000001fa05da8c40, L_000001fa05da8d20, C4<0>, C4<0>;
L_000001fa05e09ce0 .functor OR 1, L_000001fa05e09dc0, L_000001fa05da9030, C4<0>, C4<0>;
L_000001fa05e099d0 .functor OR 1, L_000001fa05e09ce0, L_000001fa05da8e00, C4<0>, C4<0>;
v000001fa05daa8f0_0 .net *"_ivl_0", 0 0, L_000001fa05da90a0;  1 drivers
v000001fa05daa990_0 .net *"_ivl_10", 0 0, L_000001fa05da9110;  1 drivers
v000001fa05e068a0_0 .net *"_ivl_14", 0 0, L_000001fa05da9180;  1 drivers
v000001fa05e06e40_0 .net *"_ivl_16", 0 0, L_000001fa05da8e70;  1 drivers
v000001fa05e06260_0 .net *"_ivl_2", 0 0, L_000001fa05da9260;  1 drivers
v000001fa05e06800_0 .net *"_ivl_20", 0 0, L_000001fa05da8cb0;  1 drivers
v000001fa05e06940_0 .net *"_ivl_24", 0 0, L_000001fa05e09dc0;  1 drivers
v000001fa05e06620_0 .net *"_ivl_26", 0 0, L_000001fa05e09ce0;  1 drivers
v000001fa05e06760_0 .net *"_ivl_4", 0 0, L_000001fa05da92d0;  1 drivers
v000001fa05e069e0_0 .net *"_ivl_8", 0 0, L_000001fa05da8fc0;  1 drivers
v000001fa05e06b20_0 .net "a", 0 0, v000001fa05e061c0_0;  alias, 1 drivers
v000001fa05e06120_0 .net "b", 0 0, v000001fa05e06f80_0;  alias, 1 drivers
v000001fa05e066c0_0 .net "c", 0 0, v000001fa05e06300_0;  alias, 1 drivers
v000001fa05e06c60_0 .net "d", 0 0, v000001fa05e06080_0;  alias, 1 drivers
v000001fa05e064e0_0 .net "e", 0 0, L_000001fa05e099d0;  alias, 1 drivers
v000001fa05e06d00_0 .net "p", 0 0, L_000001fa05da8c40;  1 drivers
v000001fa05e063a0_0 .net "q", 0 0, L_000001fa05da8d20;  1 drivers
v000001fa05e06bc0_0 .net "r", 0 0, L_000001fa05da9030;  1 drivers
v000001fa05e06a80_0 .net "s", 0 0, L_000001fa05da8e00;  1 drivers
v000001fa05e06ee0_0 .net "s1", 0 0, v000001fa05e06580_0;  alias, 1 drivers
v000001fa05e06da0_0 .net "s2", 0 0, v000001fa05e074f0_0;  alias, 1 drivers
S_000001fa05dba450 .scope module, "tb" "tb_mux1b4to1" 2 32, 2 14 0, S_000001fa05daa760;
 .timescale 0 0;
    .port_info 0 /OUTPUT 1 "a";
    .port_info 1 /OUTPUT 1 "b";
    .port_info 2 /OUTPUT 1 "c";
    .port_info 3 /OUTPUT 1 "d";
    .port_info 4 /OUTPUT 1 "s1";
    .port_info 5 /OUTPUT 1 "s2";
    .port_info 6 /INPUT 1 "e";
v000001fa05e061c0_0 .var "a", 0 0;
v000001fa05e06f80_0 .var "b", 0 0;
v000001fa05e06300_0 .var "c", 0 0;
v000001fa05e06080_0 .var "d", 0 0;
v000001fa05e06440_0 .net "e", 0 0, L_000001fa05e099d0;  alias, 1 drivers
v000001fa05e06580_0 .var "s1", 0 0;
v000001fa05e074f0_0 .var "s2", 0 0;
    .scope S_000001fa05dba450;
T_0 ;
    %vpi_call 2 20 "$monitor", $time, " ", " ", "a=%b b=%b c=%b d=%b s1=%b s2=%b e=%b", v000001fa05e061c0_0, v000001fa05e06f80_0, v000001fa05e06300_0, v000001fa05e06080_0, v000001fa05e06580_0, v000001fa05e074f0_0, v000001fa05e06440_0 {0 0 0};
    %pushi/vec4 0, 0, 1;
    %store/vec4 v000001fa05e061c0_0, 0, 1;
    %pushi/vec4 1, 0, 1;
    %store/vec4 v000001fa05e06f80_0, 0, 1;
    %pushi/vec4 0, 0, 1;
    %store/vec4 v000001fa05e06300_0, 0, 1;
    %pushi/vec4 1, 0, 1;
    %store/vec4 v000001fa05e06080_0, 0, 1;
    %pushi/vec4 0, 0, 1;
    %store/vec4 v000001fa05e06580_0, 0, 1;
    %pushi/vec4 0, 0, 1;
    %store/vec4 v000001fa05e074f0_0, 0, 1;
    %delay 5, 0;
    %pushi/vec4 0, 0, 1;
    %store/vec4 v000001fa05e06580_0, 0, 1;
    %pushi/vec4 1, 0, 1;
    %store/vec4 v000001fa05e074f0_0, 0, 1;
    %delay 5, 0;
    %pushi/vec4 1, 0, 1;
    %store/vec4 v000001fa05e06580_0, 0, 1;
    %pushi/vec4 0, 0, 1;
    %store/vec4 v000001fa05e074f0_0, 0, 1;
    %delay 5, 0;
    %pushi/vec4 1, 0, 1;
    %store/vec4 v000001fa05e06580_0, 0, 1;
    %pushi/vec4 1, 0, 1;
    %store/vec4 v000001fa05e074f0_0, 0, 1;
    %delay 5, 0;
    %vpi_call 2 25 "$finish" {0 0 0};
    %end;
    .thread T_0;
# The file index is used to find the file name in the following table.
:file_names 3;
    "N/A";
    "<interactive>";
    "mux.v";
