#! /c/Source/iverilog-install/bin/vvp
:ivl_version "12.0 (devel)" "(s20150603-1539-g2693dd32b)";
:ivl_delay_selection "TYPICAL";
:vpi_time_precision + 0;
:vpi_module "C:\iverilog\lib\ivl\system.vpi";
:vpi_module "C:\iverilog\lib\ivl\vhdl_sys.vpi";
:vpi_module "C:\iverilog\lib\ivl\vhdl_textio.vpi";
:vpi_module "C:\iverilog\lib\ivl\v2005_math.vpi";
:vpi_module "C:\iverilog\lib\ivl\va_math.vpi";
S_00000264be40e650 .scope module, "wb" "wb" 2 30;
 .timescale 0 0;
v00000264be3334e0_0 .net "a", 0 0, v00000264be40ba20_0;  1 drivers
v00000264be3340c0_0 .net "b", 0 0, v00000264be40bac0_0;  1 drivers
v00000264be333e40_0 .net "c", 0 0, v00000264be40bb60_0;  1 drivers
v00000264be333580_0 .net "d", 0 0, v00000264be40bc00_0;  1 drivers
v00000264be3336c0_0 .net "e", 0 0, v00000264be302d10_0;  1 drivers
v00000264be333800_0 .net "s", 1 0, v00000264be40bd40_0;  1 drivers
S_00000264be40e7e0 .scope module, "dut" "mux1b4to1" 2 41, 2 1 0, S_00000264be40e650;
 .timescale 0 0;
    .port_info 0 /INPUT 1 "a";
    .port_info 1 /INPUT 1 "b";
    .port_info 2 /INPUT 1 "c";
    .port_info 3 /INPUT 1 "d";
    .port_info 4 /INPUT 2 "s";
    .port_info 5 /OUTPUT 1 "e";
v00000264be3031b0_0 .net "a", 0 0, v00000264be40ba20_0;  alias, 1 drivers
v00000264be302b30_0 .net "b", 0 0, v00000264be40bac0_0;  alias, 1 drivers
v00000264be302bd0_0 .net "c", 0 0, v00000264be40bb60_0;  alias, 1 drivers
v00000264be302c70_0 .net "d", 0 0, v00000264be40bc00_0;  alias, 1 drivers
v00000264be302d10_0 .var "e", 0 0;
v00000264be302db0_0 .net "s", 1 0, v00000264be40bd40_0;  alias, 1 drivers
E_00000264be338490/0 .event anyedge, v00000264be302db0_0, v00000264be302c70_0, v00000264be302bd0_0, v00000264be302b30_0;
E_00000264be338490/1 .event anyedge, v00000264be3031b0_0;
E_00000264be338490 .event/or E_00000264be338490/0, E_00000264be338490/1;
S_00000264be302e50 .scope module, "tb" "tb_mux1b4to1" 2 42, 2 16 0, S_00000264be40e650;
 .timescale 0 0;
    .port_info 0 /OUTPUT 1 "a";
    .port_info 1 /OUTPUT 1 "b";
    .port_info 2 /OUTPUT 1 "c";
    .port_info 3 /OUTPUT 1 "d";
    .port_info 4 /OUTPUT 2 "s";
    .port_info 5 /INPUT 1 "e";
v00000264be40ba20_0 .var "a", 0 0;
v00000264be40bac0_0 .var "b", 0 0;
v00000264be40bb60_0 .var "c", 0 0;
v00000264be40bc00_0 .var "d", 0 0;
v00000264be40bca0_0 .net "e", 0 0, v00000264be302d10_0;  alias, 1 drivers
v00000264be40bd40_0 .var "s", 1 0;
    .scope S_00000264be40e7e0;
T_0 ;
    %wait E_00000264be338490;
    %load/vec4 v00000264be302db0_0;
    %dup/vec4;
    %pushi/vec4 0, 0, 2;
    %cmp/u;
    %jmp/1 T_0.0, 6;
    %dup/vec4;
    %pushi/vec4 1, 0, 2;
    %cmp/u;
    %jmp/1 T_0.1, 6;
    %dup/vec4;
    %pushi/vec4 2, 0, 2;
    %cmp/u;
    %jmp/1 T_0.2, 6;
    %dup/vec4;
    %pushi/vec4 3, 0, 2;
    %cmp/u;
    %jmp/1 T_0.3, 6;
    %jmp T_0.4;
T_0.0 ;
    %load/vec4 v00000264be3031b0_0;
    %store/vec4 v00000264be302d10_0, 0, 1;
    %jmp T_0.4;
T_0.1 ;
    %load/vec4 v00000264be302b30_0;
    %store/vec4 v00000264be302d10_0, 0, 1;
    %jmp T_0.4;
T_0.2 ;
    %load/vec4 v00000264be302bd0_0;
    %store/vec4 v00000264be302d10_0, 0, 1;
    %jmp T_0.4;
T_0.3 ;
    %load/vec4 v00000264be302c70_0;
    %store/vec4 v00000264be302d10_0, 0, 1;
    %jmp T_0.4;
T_0.4 ;
    %pop/vec4 1;
    %jmp T_0;
    .thread T_0, $push;
    .scope S_00000264be302e50;
T_1 ;
    %pushi/vec4 20, 0, 6;
    %split/vec4 2;
    %store/vec4 v00000264be40bd40_0, 0, 2;
    %split/vec4 1;
    %store/vec4 v00000264be40bc00_0, 0, 1;
    %split/vec4 1;
    %store/vec4 v00000264be40bb60_0, 0, 1;
    %split/vec4 1;
    %store/vec4 v00000264be40bac0_0, 0, 1;
    %store/vec4 v00000264be40ba20_0, 0, 1;
    %delay 5, 0;
    %pushi/vec4 1, 0, 2;
    %store/vec4 v00000264be40bd40_0, 0, 2;
    %delay 5, 0;
    %pushi/vec4 2, 0, 2;
    %store/vec4 v00000264be40bd40_0, 0, 2;
    %delay 5, 0;
    %pushi/vec4 3, 0, 2;
    %store/vec4 v00000264be40bd40_0, 0, 2;
    %delay 5, 0;
    %vpi_call 2 26 "$finish" {0 0 0};
    %end;
    .thread T_1;
    .scope S_00000264be40e650;
T_2 ;
    %vpi_call 2 37 "$monitor", $time, " a=%b b=%b c=%b d=%b s=%b e=%b", v00000264be3334e0_0, v00000264be3340c0_0, v00000264be333e40_0, v00000264be333580_0, v00000264be333800_0, v00000264be3336c0_0 {0 0 0};
    %end;
    .thread T_2;
# The file index is used to find the file name in the following table.
:file_names 3;
    "N/A";
    "<interactive>";
    "mux2.v";
