#! /c/Source/iverilog-install/bin/vvp
:ivl_version "12.0 (devel)" "(s20150603-1539-g2693dd32b)";
:ivl_delay_selection "TYPICAL";
:vpi_time_precision + 0;
:vpi_module "C:\iverilog\lib\ivl\system.vpi";
:vpi_module "C:\iverilog\lib\ivl\vhdl_sys.vpi";
:vpi_module "C:\iverilog\lib\ivl\vhdl_textio.vpi";
:vpi_module "C:\iverilog\lib\ivl\v2005_math.vpi";
:vpi_module "C:\iverilog\lib\ivl\va_math.vpi";
S_000002052a432ce0 .scope module, "full_adder1b" "full_adder1b" 2 1;
 .timescale 0 0;
    .port_info 0 /INPUT 1 "a";
    .port_info 1 /INPUT 1 "b";
    .port_info 2 /INPUT 1 "c";
    .port_info 3 /OUTPUT 1 "sum";
    .port_info 4 /OUTPUT 1 "cout";
o000002052a467098 .functor BUFZ 1, C4<z>; HiZ drive
o000002052a4670c8 .functor BUFZ 1, C4<z>; HiZ drive
L_000002052a3aa8b0 .functor XOR 1, o000002052a467098, o000002052a4670c8, C4<0>, C4<0>;
o000002052a4670f8 .functor BUFZ 1, C4<z>; HiZ drive
L_000002052a4335a0 .functor XOR 1, L_000002052a3aa8b0, o000002052a4670f8, C4<0>, C4<0>;
L_000002052a4337a0 .functor AND 1, o000002052a467098, o000002052a4670c8, C4<1>, C4<1>;
L_000002052a461220 .functor AND 1, o000002052a4670c8, o000002052a4670f8, C4<1>, C4<1>;
L_000002052a461290 .functor OR 1, L_000002052a4337a0, L_000002052a461220, C4<0>, C4<0>;
L_000002052a461300 .functor AND 1, o000002052a4670f8, o000002052a467098, C4<1>, C4<1>;
L_000002052a461370 .functor OR 1, L_000002052a461290, L_000002052a461300, C4<0>, C4<0>;
v000002052a433360_0 .net *"_ivl_2", 0 0, L_000002052a4337a0;  1 drivers
v000002052a3aeed0_0 .net *"_ivl_4", 0 0, L_000002052a461220;  1 drivers
v000002052a3aa810_0 .net *"_ivl_6", 0 0, L_000002052a461290;  1 drivers
v000002052a432e70_0 .net *"_ivl_8", 0 0, L_000002052a461300;  1 drivers
v000002052a432f10_0 .net "a", 0 0, o000002052a467098;  0 drivers
v000002052a432fb0_0 .net "b", 0 0, o000002052a4670c8;  0 drivers
v000002052a433050_0 .net "c", 0 0, o000002052a4670f8;  0 drivers
v000002052a4330f0_0 .net "cout", 0 0, L_000002052a461370;  1 drivers
v000002052a461050_0 .net "sum", 0 0, L_000002052a4335a0;  1 drivers
v000002052a461180_0 .net "w1", 0 0, L_000002052a3aa8b0;  1 drivers
# The file index is used to find the file name in the following table.
:file_names 3;
    "N/A";
    "<interactive>";
    "adderCumSubtractor.v";
