#! /c/Source/iverilog-install/bin/vvp
:ivl_version "12.0 (devel)" "(s20150603-1539-g2693dd32b)";
:ivl_delay_selection "TYPICAL";
:vpi_time_precision + 0;
:vpi_module "C:\iverilog\lib\ivl\system.vpi";
:vpi_module "C:\iverilog\lib\ivl\vhdl_sys.vpi";
:vpi_module "C:\iverilog\lib\ivl\vhdl_textio.vpi";
:vpi_module "C:\iverilog\lib\ivl\v2005_math.vpi";
:vpi_module "C:\iverilog\lib\ivl\va_math.vpi";
:vpi_module "C:\iverilog\lib\ivl\v2009.vpi";
S_0000025b89064f90 .scope package, "$unit" "$unit" 2 1;
 .timescale 0 0;
S_0000025b89065470 .scope module, "wb" "wb" 3 49;
 .timescale 0 0;
v0000025b890bee30_0 .net "bin1", 3 0, v0000025b890bd850_0;  1 drivers
v0000025b890be7f0_0 .net "bin2", 3 0, v0000025b890bd7b0_0;  1 drivers
v0000025b890bd8f0_0 .net "carry", 0 0, L_0000025b890bfee0;  1 drivers
v0000025b890be6b0_0 .net "cin", 0 0, v0000025b890bda30_0;  1 drivers
v0000025b890bdc10_0 .net "sum", 3 0, L_0000025b890bdf30;  1 drivers
S_0000025b8905f000 .scope module, "dut" "adder_cum_subtractor4b" 3 56, 3 10 0, S_0000025b89065470;
 .timescale 0 0;
    .port_info 0 /INPUT 4 "x";
    .port_info 1 /INPUT 4 "z";
    .port_info 2 /INPUT 1 "cin";
    .port_info 3 /OUTPUT 4 "sum";
    .port_info 4 /OUTPUT 1 "carry";
L_0000025b8904ed80 .functor XOR 1, L_0000025b890be930, v0000025b890bda30_0, C4<0>, C4<0>;
L_0000025b8904e290 .functor XOR 1, L_0000025b890bd0d0, v0000025b890bda30_0, C4<0>, C4<0>;
L_0000025b8904e300 .functor XOR 1, L_0000025b890be9d0, v0000025b890bda30_0, C4<0>, C4<0>;
L_0000025b8904e370 .functor XOR 1, L_0000025b890bd350, v0000025b890bda30_0, C4<0>, C4<0>;
v0000025b89061d80_0 .net *"_ivl_1", 0 0, L_0000025b890be930;  1 drivers
v0000025b89062280_0 .net *"_ivl_10", 0 0, L_0000025b8904e300;  1 drivers
v0000025b89061420_0 .net *"_ivl_13", 0 0, L_0000025b890bd350;  1 drivers
v0000025b89062460_0 .net *"_ivl_14", 0 0, L_0000025b8904e370;  1 drivers
v0000025b89062500_0 .net *"_ivl_2", 0 0, L_0000025b8904ed80;  1 drivers
v0000025b89051500_0 .net *"_ivl_5", 0 0, L_0000025b890bd0d0;  1 drivers
v0000025b89051820_0 .net *"_ivl_6", 0 0, L_0000025b8904e290;  1 drivers
v0000025b89051f00_0 .net *"_ivl_9", 0 0, L_0000025b890be9d0;  1 drivers
v0000025b890bd2b0_0 .net "carry", 0 0, L_0000025b890bfee0;  alias, 1 drivers
v0000025b890bd710_0 .net "cin", 0 0, v0000025b890bda30_0;  alias, 1 drivers
v0000025b890bdad0_0 .net "cout1", 0 0, L_0000025b890bf1c0;  1 drivers
v0000025b890bdfd0_0 .net "cout2", 0 0, L_0000025b890bfb60;  1 drivers
v0000025b890bd5d0_0 .net "cout3", 0 0, L_0000025b890bf850;  1 drivers
v0000025b890bdb70_0 .net "sum", 3 0, L_0000025b890bdf30;  alias, 1 drivers
v0000025b890be390_0 .net "x", 3 0, v0000025b890bd850_0;  alias, 1 drivers
v0000025b890bd170_0 .net "y", 3 0, L_0000025b890bdcb0;  1 drivers
v0000025b890be250_0 .net "z", 3 0, v0000025b890bd7b0_0;  alias, 1 drivers
L_0000025b890be930 .part v0000025b890bd7b0_0, 3, 1;
L_0000025b890bd0d0 .part v0000025b890bd7b0_0, 2, 1;
L_0000025b890be9d0 .part v0000025b890bd7b0_0, 1, 1;
L_0000025b890bd350 .part v0000025b890bd7b0_0, 0, 1;
L_0000025b890bdcb0 .concat [ 1 1 1 1], L_0000025b8904e370, L_0000025b8904e300, L_0000025b8904e290, L_0000025b8904ed80;
L_0000025b890bdd50 .part v0000025b890bd850_0, 0, 1;
L_0000025b890bd670 .part L_0000025b890bdcb0, 0, 1;
L_0000025b890bddf0 .part v0000025b890bd850_0, 1, 1;
L_0000025b890bde90 .part L_0000025b890bdcb0, 1, 1;
L_0000025b890bec50 .part v0000025b890bd850_0, 2, 1;
L_0000025b890bd990 .part L_0000025b890bdcb0, 2, 1;
L_0000025b890be890 .part v0000025b890bd850_0, 3, 1;
L_0000025b890bea70 .part L_0000025b890bdcb0, 3, 1;
L_0000025b890bdf30 .concat8 [ 1 1 1 1], L_0000025b8904e450, L_0000025b890bf4d0, L_0000025b890bf7e0, L_0000025b890bf0e0;
S_0000025b8905f190 .scope module, "FA1" "full_adder1b" 3 23, 3 1 0, S_0000025b8905f000;
 .timescale 0 0;
    .port_info 0 /INPUT 1 "x";
    .port_info 1 /INPUT 1 "y";
    .port_info 2 /INPUT 1 "z";
    .port_info 3 /OUTPUT 1 "sum";
    .port_info 4 /OUTPUT 1 "carry";
L_0000025b8904e760 .functor XOR 1, L_0000025b890bdd50, L_0000025b890bd670, C4<0>, C4<0>;
L_0000025b8904e450 .functor XOR 1, L_0000025b8904e760, v0000025b890bda30_0, C4<0>, C4<0>;
L_0000025b8904eca0 .functor AND 1, L_0000025b890bdd50, L_0000025b890bd670, C4<1>, C4<1>;
L_0000025b8904ed10 .functor AND 1, v0000025b890bda30_0, L_0000025b890bdd50, C4<1>, C4<1>;
L_0000025b8904dea0 .functor OR 1, L_0000025b8904eca0, L_0000025b8904ed10, C4<0>, C4<0>;
L_0000025b890bfe00 .functor AND 1, v0000025b890bda30_0, L_0000025b890bd670, C4<1>, C4<1>;
L_0000025b890bf1c0 .functor OR 1, L_0000025b8904dea0, L_0000025b890bfe00, C4<0>, C4<0>;
v0000025b89061e20_0 .net *"_ivl_0", 0 0, L_0000025b8904e760;  1 drivers
v0000025b890614c0_0 .net *"_ivl_10", 0 0, L_0000025b890bfe00;  1 drivers
v0000025b890616a0_0 .net *"_ivl_4", 0 0, L_0000025b8904eca0;  1 drivers
v0000025b89061060_0 .net *"_ivl_6", 0 0, L_0000025b8904ed10;  1 drivers
v0000025b89062140_0 .net *"_ivl_8", 0 0, L_0000025b8904dea0;  1 drivers
v0000025b89061ec0_0 .net "carry", 0 0, L_0000025b890bf1c0;  alias, 1 drivers
v0000025b89061c40_0 .net "sum", 0 0, L_0000025b8904e450;  1 drivers
v0000025b89062a00_0 .net "x", 0 0, L_0000025b890bdd50;  1 drivers
v0000025b89062dc0_0 .net "y", 0 0, L_0000025b890bd670;  1 drivers
v0000025b89061600_0 .net "z", 0 0, v0000025b890bda30_0;  alias, 1 drivers
S_0000025b89022ca0 .scope module, "FA2" "full_adder1b" 3 24, 3 1 0, S_0000025b8905f000;
 .timescale 0 0;
    .port_info 0 /INPUT 1 "x";
    .port_info 1 /INPUT 1 "y";
    .port_info 2 /INPUT 1 "z";
    .port_info 3 /OUTPUT 1 "sum";
    .port_info 4 /OUTPUT 1 "carry";
L_0000025b890bf5b0 .functor XOR 1, L_0000025b890bddf0, L_0000025b890bde90, C4<0>, C4<0>;
L_0000025b890bf4d0 .functor XOR 1, L_0000025b890bf5b0, L_0000025b890bf1c0, C4<0>, C4<0>;
L_0000025b890bf9a0 .functor AND 1, L_0000025b890bddf0, L_0000025b890bde90, C4<1>, C4<1>;
L_0000025b890bfa10 .functor AND 1, L_0000025b890bf1c0, L_0000025b890bddf0, C4<1>, C4<1>;
L_0000025b890bf540 .functor OR 1, L_0000025b890bf9a0, L_0000025b890bfa10, C4<0>, C4<0>;
L_0000025b890bf310 .functor AND 1, L_0000025b890bf1c0, L_0000025b890bde90, C4<1>, C4<1>;
L_0000025b890bfb60 .functor OR 1, L_0000025b890bf540, L_0000025b890bf310, C4<0>, C4<0>;
v0000025b89062d20_0 .net *"_ivl_0", 0 0, L_0000025b890bf5b0;  1 drivers
v0000025b89062960_0 .net *"_ivl_10", 0 0, L_0000025b890bf310;  1 drivers
v0000025b890628c0_0 .net *"_ivl_4", 0 0, L_0000025b890bf9a0;  1 drivers
v0000025b89062aa0_0 .net *"_ivl_6", 0 0, L_0000025b890bfa10;  1 drivers
v0000025b89061740_0 .net *"_ivl_8", 0 0, L_0000025b890bf540;  1 drivers
v0000025b89062c80_0 .net "carry", 0 0, L_0000025b890bfb60;  alias, 1 drivers
v0000025b890619c0_0 .net "sum", 0 0, L_0000025b890bf4d0;  1 drivers
v0000025b89062b40_0 .net "x", 0 0, L_0000025b890bddf0;  1 drivers
v0000025b890617e0_0 .net "y", 0 0, L_0000025b890bde90;  1 drivers
v0000025b89062780_0 .net "z", 0 0, L_0000025b890bf1c0;  alias, 1 drivers
S_0000025b89022e30 .scope module, "FA3" "full_adder1b" 3 25, 3 1 0, S_0000025b8905f000;
 .timescale 0 0;
    .port_info 0 /INPUT 1 "x";
    .port_info 1 /INPUT 1 "y";
    .port_info 2 /INPUT 1 "z";
    .port_info 3 /OUTPUT 1 "sum";
    .port_info 4 /OUTPUT 1 "carry";
L_0000025b890bfcb0 .functor XOR 1, L_0000025b890bec50, L_0000025b890bd990, C4<0>, C4<0>;
L_0000025b890bf7e0 .functor XOR 1, L_0000025b890bfcb0, L_0000025b890bfb60, C4<0>, C4<0>;
L_0000025b890bfd20 .functor AND 1, L_0000025b890bec50, L_0000025b890bd990, C4<1>, C4<1>;
L_0000025b890bff50 .functor AND 1, L_0000025b890bfb60, L_0000025b890bec50, C4<1>, C4<1>;
L_0000025b890bffc0 .functor OR 1, L_0000025b890bfd20, L_0000025b890bff50, C4<0>, C4<0>;
L_0000025b890bfa80 .functor AND 1, L_0000025b890bfb60, L_0000025b890bd990, C4<1>, C4<1>;
L_0000025b890bf850 .functor OR 1, L_0000025b890bffc0, L_0000025b890bfa80, C4<0>, C4<0>;
v0000025b89061ba0_0 .net *"_ivl_0", 0 0, L_0000025b890bfcb0;  1 drivers
v0000025b89061a60_0 .net *"_ivl_10", 0 0, L_0000025b890bfa80;  1 drivers
v0000025b89062000_0 .net *"_ivl_4", 0 0, L_0000025b890bfd20;  1 drivers
v0000025b89061b00_0 .net *"_ivl_6", 0 0, L_0000025b890bff50;  1 drivers
v0000025b890620a0_0 .net *"_ivl_8", 0 0, L_0000025b890bffc0;  1 drivers
v0000025b890623c0_0 .net "carry", 0 0, L_0000025b890bf850;  alias, 1 drivers
v0000025b89061f60_0 .net "sum", 0 0, L_0000025b890bf7e0;  1 drivers
v0000025b89062640_0 .net "x", 0 0, L_0000025b890bec50;  1 drivers
v0000025b89062e60_0 .net "y", 0 0, L_0000025b890bd990;  1 drivers
v0000025b89060fc0_0 .net "z", 0 0, L_0000025b890bfb60;  alias, 1 drivers
S_0000025b89055d00 .scope module, "FA4" "full_adder1b" 3 26, 3 1 0, S_0000025b8905f000;
 .timescale 0 0;
    .port_info 0 /INPUT 1 "x";
    .port_info 1 /INPUT 1 "y";
    .port_info 2 /INPUT 1 "z";
    .port_info 3 /OUTPUT 1 "sum";
    .port_info 4 /OUTPUT 1 "carry";
L_0000025b890bfe70 .functor XOR 1, L_0000025b890be890, L_0000025b890bea70, C4<0>, C4<0>;
L_0000025b890bf0e0 .functor XOR 1, L_0000025b890bfe70, L_0000025b890bf850, C4<0>, C4<0>;
L_0000025b890bf380 .functor AND 1, L_0000025b890be890, L_0000025b890bea70, C4<1>, C4<1>;
L_0000025b890bf620 .functor AND 1, L_0000025b890bf850, L_0000025b890be890, C4<1>, C4<1>;
L_0000025b890bfbd0 .functor OR 1, L_0000025b890bf380, L_0000025b890bf620, C4<0>, C4<0>;
L_0000025b890bf3f0 .functor AND 1, L_0000025b890bf850, L_0000025b890bea70, C4<1>, C4<1>;
L_0000025b890bfee0 .functor OR 1, L_0000025b890bfbd0, L_0000025b890bf3f0, C4<0>, C4<0>;
v0000025b890626e0_0 .net *"_ivl_0", 0 0, L_0000025b890bfe70;  1 drivers
v0000025b89061240_0 .net *"_ivl_10", 0 0, L_0000025b890bf3f0;  1 drivers
v0000025b89061880_0 .net *"_ivl_4", 0 0, L_0000025b890bf380;  1 drivers
v0000025b89061100_0 .net *"_ivl_6", 0 0, L_0000025b890bf620;  1 drivers
v0000025b890612e0_0 .net *"_ivl_8", 0 0, L_0000025b890bfbd0;  1 drivers
v0000025b89062320_0 .net "carry", 0 0, L_0000025b890bfee0;  alias, 1 drivers
v0000025b89061ce0_0 .net "sum", 0 0, L_0000025b890bf0e0;  1 drivers
v0000025b89061380_0 .net "x", 0 0, L_0000025b890be890;  1 drivers
v0000025b890621e0_0 .net "y", 0 0, L_0000025b890bea70;  1 drivers
v0000025b89061560_0 .net "z", 0 0, L_0000025b890bf850;  alias, 1 drivers
S_0000025b89055e90 .scope module, "tb" "tb_adder4b" 3 57, 3 29 0, S_0000025b89065470;
 .timescale 0 0;
    .port_info 0 /OUTPUT 4 "bin1";
    .port_info 1 /OUTPUT 4 "bin2";
    .port_info 2 /OUTPUT 1 "cin";
    .port_info 3 /INPUT 4 "sum";
    .port_info 4 /INPUT 1 "carry";
v0000025b890bd850_0 .var "bin1", 3 0;
v0000025b890bd7b0_0 .var "bin2", 3 0;
v0000025b890bd210_0 .net "carry", 0 0, L_0000025b890bfee0;  alias, 1 drivers
v0000025b890bda30_0 .var "cin", 0 0;
v0000025b890be4d0_0 .net "sum", 3 0, L_0000025b890bdf30;  alias, 1 drivers
    .scope S_0000025b89055e90;
T_0 ;
    %vpi_call/w 3 36 "$monitor", "%t, When bin1=%b, bin2=%b cin=%b then Result is =%b , Carry =%b", $time, v0000025b890bd850_0, v0000025b890bd7b0_0, v0000025b890bda30_0, v0000025b890be4d0_0, v0000025b890bd210_0 {0 0 0};
    %pushi/vec4 181, 0, 9;
    %split/vec4 1;
    %store/vec4 v0000025b890bda30_0, 0, 1;
    %split/vec4 4;
    %store/vec4 v0000025b890bd7b0_0, 0, 4;
    %store/vec4 v0000025b890bd850_0, 0, 4;
    %delay 5, 0;
    %pushi/vec4 125, 0, 9;
    %split/vec4 1;
    %store/vec4 v0000025b890bda30_0, 0, 1;
    %split/vec4 4;
    %store/vec4 v0000025b890bd7b0_0, 0, 4;
    %store/vec4 v0000025b890bd850_0, 0, 4;
    %delay 5, 0;
    %pushi/vec4 486, 0, 9;
    %split/vec4 1;
    %store/vec4 v0000025b890bda30_0, 0, 1;
    %split/vec4 4;
    %store/vec4 v0000025b890bd7b0_0, 0, 4;
    %store/vec4 v0000025b890bd850_0, 0, 4;
    %delay 5, 0;
    %pushi/vec4 227, 0, 9;
    %split/vec4 1;
    %store/vec4 v0000025b890bda30_0, 0, 1;
    %split/vec4 4;
    %store/vec4 v0000025b890bd7b0_0, 0, 4;
    %store/vec4 v0000025b890bd850_0, 0, 4;
    %delay 5, 0;
    %pushi/vec4 3, 0, 9;
    %split/vec4 1;
    %store/vec4 v0000025b890bda30_0, 0, 1;
    %split/vec4 4;
    %store/vec4 v0000025b890bd7b0_0, 0, 4;
    %store/vec4 v0000025b890bd850_0, 0, 4;
    %delay 5, 0;
    %pushi/vec4 480, 0, 9;
    %split/vec4 1;
    %store/vec4 v0000025b890bda30_0, 0, 1;
    %split/vec4 4;
    %store/vec4 v0000025b890bd7b0_0, 0, 4;
    %store/vec4 v0000025b890bd850_0, 0, 4;
    %delay 5, 0;
    %pushi/vec4 227, 0, 9;
    %split/vec4 1;
    %store/vec4 v0000025b890bda30_0, 0, 1;
    %split/vec4 4;
    %store/vec4 v0000025b890bd7b0_0, 0, 4;
    %store/vec4 v0000025b890bd850_0, 0, 4;
    %delay 5, 0;
    %pushi/vec4 226, 0, 9;
    %split/vec4 1;
    %store/vec4 v0000025b890bda30_0, 0, 1;
    %split/vec4 4;
    %store/vec4 v0000025b890bd7b0_0, 0, 4;
    %store/vec4 v0000025b890bd850_0, 0, 4;
    %delay 5, 0;
    %vpi_call/w 3 45 "$finish" {0 0 0};
    %end;
    .thread T_0;
    .scope S_0000025b89065470;
T_1 ;
    %vpi_call/w 3 53 "$dumpfile", "addersubtractor.vcd" {0 0 0};
    %vpi_call/w 3 54 "$dumpvars", 32'sb00000000000000000000000000000000, S_0000025b89065470 {0 0 0};
    %end;
    .thread T_1;
# The file index is used to find the file name in the following table.
:file_names 4;
    "N/A";
    "<interactive>";
    "-";
    "Adder\adderCumSubtractor.v";
