#! /usr/bin/vvp
:ivl_version "12.0 (stable)" "(v12_0-dirty)";
:ivl_delay_selection "TYPICAL";
:vpi_time_precision + 0;
:vpi_module "/usr/lib/ivl/system.vpi";
:vpi_module "/usr/lib/ivl/vhdl_sys.vpi";
:vpi_module "/usr/lib/ivl/vhdl_textio.vpi";
:vpi_module "/usr/lib/ivl/v2005_math.vpi";
:vpi_module "/usr/lib/ivl/va_math.vpi";
:vpi_module "/usr/lib/ivl/v2009.vpi";
S_0x63fe6a9de130 .scope package, "$unit" "$unit" 2 1;
 .timescale 0 0;
S_0x63fe6a9de2c0 .scope module, "wb" "wb" 3 30;
 .timescale 0 0;
v0x63fe6a9f5cf0_0 .net "a", 0 0, v0x63fe6a9f5820_0;  1 drivers
v0x63fe6a9f5e00_0 .net "b", 0 0, v0x63fe6a9f58c0_0;  1 drivers
v0x63fe6a9f5f10_0 .net "c", 0 0, v0x63fe6a9f5960_0;  1 drivers
v0x63fe6a9f6000_0 .net "d", 0 0, v0x63fe6a9f5a60_0;  1 drivers
v0x63fe6a9f60f0_0 .net "e", 0 0, v0x63fe6a9f52d0_0;  1 drivers
v0x63fe6a9f6230_0 .net "s", 1 0, v0x63fe6a9f5c20_0;  1 drivers
S_0x63fe6a9e0960 .scope module, "dut" "mux1b4to1" 3 41, 3 1 0, S_0x63fe6a9de2c0;
 .timescale 0 0;
    .port_info 0 /INPUT 1 "a";
    .port_info 1 /INPUT 1 "b";
    .port_info 2 /INPUT 1 "c";
    .port_info 3 /INPUT 1 "d";
    .port_info 4 /INPUT 2 "s";
    .port_info 5 /OUTPUT 1 "e";
v0x63fe6a9e0c10_0 .net "a", 0 0, v0x63fe6a9f5820_0;  alias, 1 drivers
v0x63fe6a9f50b0_0 .net "b", 0 0, v0x63fe6a9f58c0_0;  alias, 1 drivers
v0x63fe6a9f5170_0 .net "c", 0 0, v0x63fe6a9f5960_0;  alias, 1 drivers
v0x63fe6a9f5210_0 .net "d", 0 0, v0x63fe6a9f5a60_0;  alias, 1 drivers
v0x63fe6a9f52d0_0 .var "e", 0 0;
v0x63fe6a9f53e0_0 .net "s", 1 0, v0x63fe6a9f5c20_0;  alias, 1 drivers
E_0x63fe6a9dca90/0 .event anyedge, v0x63fe6a9f53e0_0, v0x63fe6a9f5210_0, v0x63fe6a9f5170_0, v0x63fe6a9f50b0_0;
E_0x63fe6a9dca90/1 .event anyedge, v0x63fe6a9e0c10_0;
E_0x63fe6a9dca90 .event/or E_0x63fe6a9dca90/0, E_0x63fe6a9dca90/1;
S_0x63fe6a9f5580 .scope module, "tb" "tb_mux1b4to1" 3 42, 3 16 0, S_0x63fe6a9de2c0;
 .timescale 0 0;
    .port_info 0 /OUTPUT 1 "a";
    .port_info 1 /OUTPUT 1 "b";
    .port_info 2 /OUTPUT 1 "c";
    .port_info 3 /OUTPUT 1 "d";
    .port_info 4 /OUTPUT 2 "s";
    .port_info 5 /INPUT 1 "e";
v0x63fe6a9f5820_0 .var "a", 0 0;
v0x63fe6a9f58c0_0 .var "b", 0 0;
v0x63fe6a9f5960_0 .var "c", 0 0;
v0x63fe6a9f5a60_0 .var "d", 0 0;
v0x63fe6a9f5b30_0 .net "e", 0 0, v0x63fe6a9f52d0_0;  alias, 1 drivers
v0x63fe6a9f5c20_0 .var "s", 1 0;
    .scope S_0x63fe6a9e0960;
T_0 ;
    %wait E_0x63fe6a9dca90;
    %load/vec4 v0x63fe6a9f53e0_0;
    %dup/vec4;
    %pushi/vec4 0, 0, 2;
    %cmp/u;
    %jmp/1 T_0.0, 6;
    %dup/vec4;
    %pushi/vec4 1, 0, 2;
    %cmp/u;
    %jmp/1 T_0.1, 6;
    %dup/vec4;
    %pushi/vec4 2, 0, 2;
    %cmp/u;
    %jmp/1 T_0.2, 6;
    %dup/vec4;
    %pushi/vec4 3, 0, 2;
    %cmp/u;
    %jmp/1 T_0.3, 6;
    %jmp T_0.4;
T_0.0 ;
    %load/vec4 v0x63fe6a9e0c10_0;
    %store/vec4 v0x63fe6a9f52d0_0, 0, 1;
    %jmp T_0.4;
T_0.1 ;
    %load/vec4 v0x63fe6a9f50b0_0;
    %store/vec4 v0x63fe6a9f52d0_0, 0, 1;
    %jmp T_0.4;
T_0.2 ;
    %load/vec4 v0x63fe6a9f5170_0;
    %store/vec4 v0x63fe6a9f52d0_0, 0, 1;
    %jmp T_0.4;
T_0.3 ;
    %load/vec4 v0x63fe6a9f5210_0;
    %store/vec4 v0x63fe6a9f52d0_0, 0, 1;
    %jmp T_0.4;
T_0.4 ;
    %pop/vec4 1;
    %jmp T_0;
    .thread T_0, $push;
    .scope S_0x63fe6a9f5580;
T_1 ;
    %pushi/vec4 20, 0, 6;
    %split/vec4 2;
    %store/vec4 v0x63fe6a9f5c20_0, 0, 2;
    %split/vec4 1;
    %store/vec4 v0x63fe6a9f5a60_0, 0, 1;
    %split/vec4 1;
    %store/vec4 v0x63fe6a9f5960_0, 0, 1;
    %split/vec4 1;
    %store/vec4 v0x63fe6a9f58c0_0, 0, 1;
    %store/vec4 v0x63fe6a9f5820_0, 0, 1;
    %delay 5, 0;
    %pushi/vec4 1, 0, 2;
    %store/vec4 v0x63fe6a9f5c20_0, 0, 2;
    %delay 5, 0;
    %pushi/vec4 2, 0, 2;
    %store/vec4 v0x63fe6a9f5c20_0, 0, 2;
    %delay 5, 0;
    %pushi/vec4 3, 0, 2;
    %store/vec4 v0x63fe6a9f5c20_0, 0, 2;
    %delay 5, 0;
    %vpi_call/w 3 26 "$finish" {0 0 0};
    %end;
    .thread T_1;
    .scope S_0x63fe6a9de2c0;
T_2 ;
    %vpi_call/w 3 36 "$monitor", $time, " a=%b b=%b c=%b d=%b s=%b e=%b", v0x63fe6a9f5cf0_0, v0x63fe6a9f5e00_0, v0x63fe6a9f5f10_0, v0x63fe6a9f6000_0, v0x63fe6a9f6230_0, v0x63fe6a9f60f0_0 {0 0 0};
    %vpi_call/w 3 37 "$dumpfile", "mux2.vcd" {0 0 0};
    %vpi_call/w 3 38 "$dumpvars", 32'sb00000000000000000000000000000000, S_0x63fe6a9de2c0 {0 0 0};
    %end;
    .thread T_2;
# The file index is used to find the file name in the following table.
:file_names 4;
    "N/A";
    "<interactive>";
    "-";
    "mux2.v";
